TN:
SF:src/math.ts
FN:1,add
FN:5,maybeDouble
FNDA:3,add
FNDA:0,maybeDouble
FNF:2
FNH:1
DA:1,3
DA:2,3
DA:5,0
DA:6,0
BRDA:6,0,0,0
BRDA:6,0,1,0
BRF:2
BRH:0
LF:4
LH:2
end_of_record
TN:
SF:src/server.js
FN:1,statusLabel
FNDA:2,statusLabel
FNF:1
FNH:1
DA:1,2
DA:2,2
DA:3,1
DA:5,0
BRDA:2,0,0,1
BRDA:2,0,1,0
BRF:2
BRH:1
LF:4
LH:3
end_of_record
TN:
SF:src/lib.rs
FN:1,clamp
FNDA:4,clamp
FNF:1
FNH:1
DA:1,4
DA:2,4
DA:3,1
DA:5,0
BRDA:2,0,0,1
BRDA:2,0,1,0
BRF:2
BRH:1
LF:4
LH:3
end_of_record
TN:
SF:src/native.c
FN:1,sign
FNDA:2,sign
FNF:1
FNH:1
DA:1,2
DA:2,2
DA:3,1
DA:5,0
BRDA:2,0,0,1
BRDA:2,0,1,0
BRF:2
BRH:1
LF:4
LH:3
end_of_record
TN:
SF:src/native.cpp
FN:3,classify
FNDA:1,classify
FNF:1
FNH:1
DA:1,1
DA:3,1
DA:4,1
DA:5,0
BRDA:4,0,0,1
BRDA:4,0,1,0
BRF:2
BRH:1
LF:4
LH:3
end_of_record
TN:
SF:src/tool.py
FN:1,normalize
FNDA:1,normalize
FNF:1
FNH:1
DA:1,1
DA:2,1
DA:3,1
DA:5,0
BRDA:2,0,0,1
BRDA:2,0,1,0
BRF:2
BRH:1
LF:4
LH:3
end_of_record
